61
332
93
94
15
40
72
27
12
820
97
191
55
6
2
144
268
5
5
1
35
0
119
65
358
0
853
15
0
9
34
16
7
2
96
222
0
255
101
349
8
4
146
15
16
0
2
1
0
1
301
0
903
12
300
7
386
0
5
17
0
169
198
157
35
3
0
26
113
0
58
84
0
1
0
41
15
0
61
65
37
121
196
72
0
125
186
2
150
87
170
7
53
27
6
267
102
7
59
159
0
10
37
10
298
162
50
100
0
145
293
54
0
108
1
3
16
27
151
15
12
61
274
528
93
5
275
7
0
0
80
39
173
929
22
5
159
1
580
0
10
2
5
160
20
14
76
90
25
173
70
572
671
237
79
112
153
11
24
38
5
13
134
138
2
70
37
9
47
214
63
20
0
342
9
56
56
16
59
141
65
13
0
109
2
1
11
204
354
329
17
192
0
605
0
260
145
74
11
0
188
13
35
5
168
1
290
0
12
565
49
0
40
124
0
5
958
0
2
1
82
7
78
23
0
1
169
85
23
96
5
185
141
17
1
75
20
15
645
68
0
704
13
2
11
38
273
189
17
27
2
84
2
0
11
3
199
2
103
483
37
503
365
38
104
3
227
751
3
12
420
26
0
237
885
0
1
0
45
214
205
373
67
235
152
0
225
23
166
5
80
90
15
5
15
20
5
0
7
0
11
16
1
80
710
4
254
1
18
392
21
1
455
1
88
2
0
1
6
79
759
3
464
1
1
3
61
22
0
14
811
77
115
20
3
1
3
137
1
22
25
227
1
205
98
4
58
217
59
5
105
503
0
120
702
126
300
57
36
36
12
5
168
47
38
375
253
15
186
506
1
42
48
88
641
49
13
164
9
27
182
19
107
64
10
156
1
141
356
5
0
1
29
205
0
520
1
424
0
64
101
221
78
10
103
13
103
5
278
533
27
219
139
0
345
10
25
30
0
0
9
136
2
29
23
192
68
5
74
780
665
1
172
2
42
120
0
226
160
0
373
2
471
350
392
44
57
1
46
0
0
252
13
0
453
70
0
4
14
7
166
0
31
0
40
597
59
210
0
18
134
7
23
41
53
199
308
8
61
6
2
3
166
223
180
0
83
14
1
4
0
1
79
212
0
671
9
4
0
78
18
2
8
6
362
652
0
181
501
36
18
3
23
5
272
45
25
138
309
34
201
1
614
73
189
0
0
22
1
6
21
136
265
0
19
0
31
4
45
22
2
0
1
17
2
0
3
62
128
21
0
403
40
13
10
117
331
1
224
2
537
7
324
299
611
414
45
0
600
60
13
17
0
20
77
10
2
37
36
122
10
1
0
197
10
14
3
436
282
1
466
263
283
63
60
22
0
0
234
117
90
6
303
1
8
0
133
15
410
69
17
70
5
34
21
0
279
35
574
41
2
256
150
1
31
344
202
549
123
64
131
9
103
215
210
0
339
18
116
13
17
34
15
0
0
11
2
5
242
77
32
36
88
3
177
13
150
14
523
0
16
77
1
141
4
0
109
0
232
19
13
15
38
7
43
105
959
1
15
318
0
268
8
12
204
3
28
2
0
0
1
92
470
54
1
4
94
19
43
25
806
60
101
19
107
145
374
99
2
12
0
105
0
62
105
242
0
5
1
51
313
78
50
44
159
2
40
5
78
317
5
43
4
11
381
5
2
26
106
142
91
1
0
13
154
133
34
36
75
3
256
0
0
11
351
24
1
1
0
1
306
3
1
3
1
1
1
0
33
6
290
20
193
1
8
7
491
2
0
304
0
2
1
32
1
73
98
93
0
14
134
1
1
156
15
114
58
227
41
69
57
408
1
92
3
310
144
67
15
13
1
0
785
173
2
2
159
11
880
0
73
566
1
1
293
25
4
7
66
11
1
224
0
24
62
0
53
316
180
421
1
198
119
0
355
286
132
537
225
0
13
237
71
2
322
462
1
91
0
14
433
207
22
226
8
5
27
3
0
161
216
221
10
76
0
150
113
0
29
8
422
559
1
48
0
0
30
39
107
539
22
276
192
125
16
280
13
703
150
10
3
9
71
195
85
290
240
194
24
156
22
19
34
336
57
144
256
0
312
185
7
18
104
11
347
61
235
109
0
0
850
9
139
82
93
12
70
40
2
2
33
86
8
162
112
2
250
1
627
154
268
5
67
18
28
100
0
105
141
129
368
940
1
141
0
64
8
0
3
6
9
545
56
41
37
63
366
17
626
10
98
0
337
15
190
29
28
11
1
25
48
92
17
111
466
2
102
39
3
1

